==247899== Memcheck, a memory error detector
==247899== Copyright (C) 2002-2017, and GNU GPL'd, by Julian Seward et al.
==247899== Using Valgrind-3.18.1 and LibVEX; rerun with -h for copyright info
==247899== Command: ./a.out ../matrices/foldoc/foldoc.mtx
==247899== Parent PID: 236968
==247899== 
==247899== Invalid write of size 8
==247899==    at 0x10B323: coo_tocsr(Coo_matrix const&, Sparse_matrix&) (in /home/mustang/Desktop/lectureNotes/Parallel & Distributed Systems/Project/CppScc/a.out)
==247899==    by 0x10B834: colorSCC(Coo_matrix const&, bool) (in /home/mustang/Desktop/lectureNotes/Parallel & Distributed Systems/Project/CppScc/a.out)
==247899==    by 0x10C7E1: main (in /home/mustang/Desktop/lectureNotes/Parallel & Distributed Systems/Project/CppScc/a.out)
==247899==  Address 0x52bbdb0 is 0 bytes after a block of size 961,904 alloc'd
==247899==    at 0x4849013: operator new(unsigned long) (in /usr/libexec/valgrind/vgpreload_memcheck-amd64-linux.so)
==247899==    by 0x10CA9D: std::vector<unsigned long, std::allocator<unsigned long> >::_M_default_append(unsigned long) (in /home/mustang/Desktop/lectureNotes/Parallel & Distributed Systems/Project/CppScc/a.out)
==247899==    by 0x10B272: coo_tocsr(Coo_matrix const&, Sparse_matrix&) (in /home/mustang/Desktop/lectureNotes/Parallel & Distributed Systems/Project/CppScc/a.out)
==247899==    by 0x10B834: colorSCC(Coo_matrix const&, bool) (in /home/mustang/Desktop/lectureNotes/Parallel & Distributed Systems/Project/CppScc/a.out)
==247899==    by 0x10C7E1: main (in /home/mustang/Desktop/lectureNotes/Parallel & Distributed Systems/Project/CppScc/a.out)
==247899== 
==247899== Invalid write of size 8
==247899==    at 0x10B19F: coo_tocsc(Coo_matrix const&, Sparse_matrix&) (in /home/mustang/Desktop/lectureNotes/Parallel & Distributed Systems/Project/CppScc/a.out)
==247899==    by 0x10B843: colorSCC(Coo_matrix const&, bool) (in /home/mustang/Desktop/lectureNotes/Parallel & Distributed Systems/Project/CppScc/a.out)
==247899==    by 0x10C7E1: main (in /home/mustang/Desktop/lectureNotes/Parallel & Distributed Systems/Project/CppScc/a.out)
==247899==  Address 0x53a6b60 is 0 bytes after a block of size 961,904 alloc'd
==247899==    at 0x4849013: operator new(unsigned long) (in /usr/libexec/valgrind/vgpreload_memcheck-amd64-linux.so)
==247899==    by 0x10CA9D: std::vector<unsigned long, std::allocator<unsigned long> >::_M_default_append(unsigned long) (in /home/mustang/Desktop/lectureNotes/Parallel & Distributed Systems/Project/CppScc/a.out)
==247899==    by 0x10B0EE: coo_tocsc(Coo_matrix const&, Sparse_matrix&) (in /home/mustang/Desktop/lectureNotes/Parallel & Distributed Systems/Project/CppScc/a.out)
==247899==    by 0x10B843: colorSCC(Coo_matrix const&, bool) (in /home/mustang/Desktop/lectureNotes/Parallel & Distributed Systems/Project/CppScc/a.out)
==247899==    by 0x10C7E1: main (in /home/mustang/Desktop/lectureNotes/Parallel & Distributed Systems/Project/CppScc/a.out)
==247899== 
==247899== Invalid read of size 8
==247899==    at 0x10BEA9: colorSCC(Coo_matrix const&, bool) (in /home/mustang/Desktop/lectureNotes/Parallel & Distributed Systems/Project/CppScc/a.out)
==247899==    by 0x10C7E1: main (in /home/mustang/Desktop/lectureNotes/Parallel & Distributed Systems/Project/CppScc/a.out)
==247899==  Address 0x53daea0 is 0 bytes after a block of size 106,848 alloc'd
==247899==    at 0x4849013: operator new(unsigned long) (in /usr/libexec/valgrind/vgpreload_memcheck-amd64-linux.so)
==247899==    by 0x10B990: colorSCC(Coo_matrix const&, bool) (in /home/mustang/Desktop/lectureNotes/Parallel & Distributed Systems/Project/CppScc/a.out)
==247899==    by 0x10C7E1: main (in /home/mustang/Desktop/lectureNotes/Parallel & Distributed Systems/Project/CppScc/a.out)
==247899== 
==247899== 
==247899== Process terminating with default action of signal 2 (SIGINT)
==247899==    at 0x10BE82: colorSCC(Coo_matrix const&, bool) (in /home/mustang/Desktop/lectureNotes/Parallel & Distributed Systems/Project/CppScc/a.out)
==247899==    by 0x10C7E1: main (in /home/mustang/Desktop/lectureNotes/Parallel & Distributed Systems/Project/CppScc/a.out)
==247899== 
==247899== HEAP SUMMARY:
==247899==     in use at exit: 4,350,454 bytes in 12 blocks
==247899==   total heap usage: 4,614 allocs, 4,602 frees, 7,045,668 bytes allocated
==247899== 
==247899== LEAK SUMMARY:
==247899==    definitely lost: 0 bytes in 0 blocks
==247899==    indirectly lost: 0 bytes in 0 blocks
==247899==      possibly lost: 0 bytes in 0 blocks
==247899==    still reachable: 4,350,454 bytes in 12 blocks
==247899==         suppressed: 0 bytes in 0 blocks
==247899== Reachable blocks (those to which a pointer was found) are not shown.
==247899== To see them, rerun with: --leak-check=full --show-leak-kinds=all
==247899== 
==247899== For lists of detected and suppressed errors, rerun with: -s
==247899== ERROR SUMMARY: 39516 errors from 3 contexts (suppressed: 0 from 0)
